<?xml version="1.0" encoding="UTF-8"?>
<!-- Generated by org.testng.reporters.JUnitXMLReporter -->
<testsuite ignored="0" hostname="DESKTOP-61886DF" failures="1" tests="4" name="Test123" time="416.975" errors="0" timestamp="2022-09-22T15:21:19 IST">
  <testcase classname="Exec_Test.TestNG" name="goMobileAndOpenHeadsets" time="201.568"/>
  <testcase classname="Exec_Test.TestNG" name="Verify15thProduct" time="40.718">
    <failure type="java.lang.AssertionError" message="null">
      <![CDATA[java.lang.AssertionError: null
at Exec_Test.TestNG.Verify15thProduct(TestNG.java:113)
at java.base/java.util.ArrayList.forEach(ArrayList.java:1511)
... Removed 27 stack frames]]>
    </failure>
  </testcase> <!-- Verify15thProduct -->
  <testcase classname="Exec_Test.TestNG" name="goMobileAndOpenSmartphones" time="0.0">
    <skipped/>
  </testcase> <!-- goMobileAndOpenSmartphones -->
  <testcase classname="Exec_Test.TestNG2" name="Verify12thProductInCameraLense" time="101.088"/>
</testsuite> <!-- Test123 -->
