<?xml version="1.0" encoding="UTF-8"?>
<!-- Generated by org.testng.reporters.JUnitXMLReporter -->
<testsuite ignored="0" hostname="DESKTOP-61886DF" failures="1" tests="1" name="chromeTest" time="17.752" errors="0" timestamp="2022-09-29T13:31:38 IST">
  <testcase classname="Test.TestNGClass" name="test1" time="5.338">
    <failure type="java.lang.AssertionError" message="url is wrong expected [https://www.facebook.com/confirmemail.php?next=https%3A%2F%2Fwww.facebook.com%2F] but found [https://www.facebook.com/]">
      <![CDATA[java.lang.AssertionError: url is wrong expected [https://www.facebook.com/confirmemail.php?next=https%3A%2F%2Fwww.facebook.com%2F] but found [https://www.facebook.com/]
at Test.TestNGClass.test1(TestNGClass.java:86)
at java.base/java.util.ArrayList.forEach(ArrayList.java:1511)
at java.base/java.util.concurrent.FutureTask.run(FutureTask.java:264)
at java.base/java.util.concurrent.ThreadPoolExecutor.runWorker(ThreadPoolExecutor.java:1136)
at java.base/java.util.concurrent.ThreadPoolExecutor$Worker.run(ThreadPoolExecutor.java:635)
at java.base/java.lang.Thread.run(Thread.java:833)
... Removed 21 stack frames]]>
    </failure>
  </testcase> <!-- test1 -->
</testsuite> <!-- chromeTest -->
